<?xml version="1.0" encoding="UTF-8"?>
<testsuite xmlns:xsi="http://www.w3.org/2001/XMLSchema-instance" xsi:noNamespaceSchemaLocation="https://maven.apache.org/surefire/maven-surefire-plugin/xsd/surefire-test-report.xsd" version="3.0.2" name="com.itquandui.ruikanghouduan.RuiKangHouDuanApplicationTests" time="2.709" tests="1" errors="0" skipped="0" failures="0" flakes="0">
  <properties>
[...]
</properties>
  <testcase name="contextLoads" classname="com.itquandui.ruikanghouduan.RuiKangHouDuanApplicationTests" time="0.705">
    <system-out><![CDATA[08:43:54.762 [main] INFO org.springframework.test.context.support.AnnotationConfigContextLoaderUtils -- Could not detect default configuration classes for test class [com.itquandui.ruikanghouduan.RuiKangHouDuanApplicationTests]: RuiKangHouDuanApplicationTests does not declare any static, non-private, non-final, nested classes annotated with @Configuration.
08:43:54.848 [main] INFO org.springframework.boot.test.context.SpringBootTestContextBootstrapper -- Found @SpringBootConfiguration com.itquandui.ruikanghouduan.RuiKangHouDuanApplication for test class com.itquandui.ruikanghouduan.RuiKangHouDuanApplicationTests
08:43:54.933 [main] INFO org.springframework.test.context.support.AnnotationConfigContextLoaderUtils -- Could not detect default configuration classes for test class [com.itquandui.ruikanghouduan.RuiKangHouDuanApplicationTests]: RuiKangHouDuanApplicationTests does not declare any static, non-private, non-final, nested classes annotated with @Configuration.
08:43:54.935 [main] INFO org.springframework.boot.test.context.SpringBootTestContextBootstrapper -- Found @SpringBootConfiguration com.itquandui.ruikanghouduan.RuiKangHouDuanApplication for test class com.itquandui.ruikanghouduan.RuiKangHouDuanApplicationTests
08:43:55.004 [main] INFO org.springframework.boot.devtools.restart.RestartApplicationListener -- Restart disabled due to context in which it is running

  .   ____          _            __ _ _
 /\\ / ___'_ __ _ _(_)_ __  __ _ \ \ \ \
( ( )\___ | '_ | '_| | '_ \/ _` | \ \ \ \
 \\/  ___)| |_)| | | | | || (_| |  ) ) ) )
  '  |____| .__|_| |_|_| |_\__, | / / / /
 =========|_|==============|___/=/_/_/_/

 :: Spring Boot ::                (v4.0.6)

2026-05-31T08:43:55.324Z  INFO 4175 --- [RuiKangHouDuan] [           main] c.i.r.RuiKangHouDuanApplicationTests     : Starting RuiKangHouDuanApplicationTests using Java 17.0.19 with PID 4175 (started by runner in /tmp/workspace/liangyujie388/HouDuanGongNeng)
2026-05-31T08:43:55.328Z  INFO 4175 --- [RuiKangHouDuan] [           main] c.i.r.RuiKangHouDuanApplicationTests     : No active profile set, falling back to 1 default profile: "default"
2026-05-31T08:43:56.268Z  WARN 4175 --- [RuiKangHouDuan] [           main] ion$DefaultTemplateResolverConfiguration : Cannot find template location: classpath:/templates/ (please add some templates, check your Thymeleaf configuration, or set spring.thymeleaf.check-template-location=false)
2026-05-31T08:43:56.322Z  WARN 4175 --- [RuiKangHouDuan] [           main] .s.a.UserDetailsServiceAutoConfiguration : 

Using generated security password: d509418b-495c-4faa-8a96-3903ec8d4b57

This generated password is for development use only. Your security configuration must be updated before running your application in production.

2026-05-31T08:43:56.359Z  INFO 4175 --- [RuiKangHouDuan] [           main] r$InitializeUserDetailsManagerConfigurer : Global AuthenticationManager configured with UserDetailsService bean with name inMemoryUserDetailsManager
2026-05-31T08:43:56.574Z  INFO 4175 --- [RuiKangHouDuan] [           main] c.i.r.RuiKangHouDuanApplicationTests     : Started RuiKangHouDuanApplicationTests in 1.585 seconds (process running for 2.851)
]]></system-out>
  </testcase>
</testsuite>